0 info it worked if it ends with ok
1 verbose cli [ 'node',
1 verbose cli   '/usr/local/bin/npm',
1 verbose cli   'install',
1 verbose cli   'passport_local',
1 verbose cli   '--save' ]
2 info using npm@1.4.28
3 info using node@v0.10.32
4 verbose readDependencies using package.json deps
5 verbose cache add [ 'passport_local', null ]
6 verbose cache add name=undefined spec="passport_local" args=["passport_local",null]
7 verbose parsed url { protocol: null,
7 verbose parsed url   slashes: null,
7 verbose parsed url   auth: null,
7 verbose parsed url   host: null,
7 verbose parsed url   port: null,
7 verbose parsed url   hostname: null,
7 verbose parsed url   hash: null,
7 verbose parsed url   search: null,
7 verbose parsed url   query: null,
7 verbose parsed url   pathname: 'passport_local',
7 verbose parsed url   path: 'passport_local',
7 verbose parsed url   href: 'passport_local' }
8 silly lockFile 7ec71307-passport-local passport_local
9 verbose lock passport_local /Users/germangomez/.npm/7ec71307-passport-local.lock
10 silly lockFile 7ec71307-passport-local passport_local
11 silly lockFile 7ec71307-passport-local passport_local
12 verbose addNamed [ 'passport_local', '' ]
13 verbose addNamed [ null, '*' ]
14 silly lockFile 74c78e2d-passport-local passport_local@
15 verbose lock passport_local@ /Users/germangomez/.npm/74c78e2d-passport-local.lock
16 silly addNameRange { name: 'passport_local', range: '*', hasData: false }
17 verbose request where is /passport_local
18 verbose request registry https://registry.npmjs.org/
19 verbose request id 536803c933fedcb0
20 verbose url raw /passport_local
21 verbose url resolving [ 'https://registry.npmjs.org/', './passport_local' ]
22 verbose url resolved https://registry.npmjs.org/passport_local
23 verbose request where is https://registry.npmjs.org/passport_local
24 info trying registry request attempt 1 at 16:42:15
25 http GET https://registry.npmjs.org/passport_local
26 http 404 https://registry.npmjs.org/passport_local
27 verbose headers { date: 'Thu, 30 Oct 2014 19:42:17 GMT',
27 verbose headers   server: 'CouchDB/1.5.0 (Erlang OTP/R16B03)',
27 verbose headers   'content-type': 'application/json',
27 verbose headers   'cache-control': 'max-age=0',
27 verbose headers   'content-length': '52',
27 verbose headers   'accept-ranges': 'bytes',
27 verbose headers   via: '1.1 varnish',
27 verbose headers   age: '0',
27 verbose headers   'x-served-by': 'cache-jfk1020-JFK',
27 verbose headers   'x-cache': 'MISS',
27 verbose headers   'x-cache-hits': '0',
27 verbose headers   'x-timer': 'S1414698137.358836,VS0,VE88',
27 verbose headers   'keep-alive': 'timeout=10, max=50',
27 verbose headers   connection: 'Keep-Alive' }
28 silly registry.get cb [ 404,
28 silly registry.get   { date: 'Thu, 30 Oct 2014 19:42:17 GMT',
28 silly registry.get     server: 'CouchDB/1.5.0 (Erlang OTP/R16B03)',
28 silly registry.get     'content-type': 'application/json',
28 silly registry.get     'cache-control': 'max-age=0',
28 silly registry.get     'content-length': '52',
28 silly registry.get     'accept-ranges': 'bytes',
28 silly registry.get     via: '1.1 varnish',
28 silly registry.get     age: '0',
28 silly registry.get     'x-served-by': 'cache-jfk1020-JFK',
28 silly registry.get     'x-cache': 'MISS',
28 silly registry.get     'x-cache-hits': '0',
28 silly registry.get     'x-timer': 'S1414698137.358836,VS0,VE88',
28 silly registry.get     'keep-alive': 'timeout=10, max=50',
28 silly registry.get     connection: 'Keep-Alive' } ]
29 silly lockFile 74c78e2d-passport-local passport_local@
30 silly lockFile 74c78e2d-passport-local passport_local@
31 error 404 404 Not Found: passport_local
31 error 404
31 error 404 'passport_local' is not in the npm registry.
31 error 404 You should bug the author to publish it
31 error 404 It was specified as a dependency of 'poc'
31 error 404
31 error 404 Note that you can also install from a
31 error 404 tarball, folder, or http url, or git url.
32 error System Darwin 13.3.0
33 error command "node" "/usr/local/bin/npm" "install" "passport_local" "--save"
34 error cwd /Users/germangomez/Desarrollo/MiGitHub/node-angular-commons/apps/poc
35 error node -v v0.10.32
36 error npm -v 1.4.28
37 error code E404
38 verbose exit [ 1, true ]
